[7oroof.com/demos/promina/about-us.html]
[7oroof.com/demos/promina/faqs.html]
[7oroof.com/demos/promina/assets/images/favicon/favicon.png]
[backblue.gif]
[fade.gif]
[index.html]
[7oroof.com/demos/promina/index.html]
[7oroof.com/demos/promina/assets/images/logo/logo-light.png]
[7oroof.com/demos/promina/assets/images/logo/logo-dark.png]
[7oroof.com/demos/promina/home-classic.html]
[7oroof.com/demos/promina/home-architecture.html]
[7oroof.com/demos/promina/core-values.html]
[7oroof.com/demos/promina/leadership-team.html]
[7oroof.com/demos/promina/pricing.html]
[7oroof.com/demos/promina/careers.html]
[7oroof.com/demos/promina/services.html]
[7oroof.com/demos/promina/services-single-service.html]
[7oroof.com/demos/promina/projects-grid.html]
[7oroof.com/demos/promina/projects-standard.html]
[7oroof.com/demos/promina/projects-carousel.html]
[7oroof.com/demos/promina/projects-single-project.html]
[7oroof.com/demos/promina/blog.html]
[7oroof.com/demos/promina/blog-single-post.html]
[7oroof.com/demos/promina/contacs.html]
[7oroof.com/demos/promina/request-quote.html]
[7oroof.com/demos/promina/assets/images/page-titles/1.jpg]
[7oroof.com/demos/promina/assets/images/about/2.png]
[7oroof.com/demos/promina/assets/images/banners/1.jpg]
[7oroof.com/demos/promina/assets/images/backgrounds/1.jpg]
[7oroof.com/demos/promina/assets/images/portfolio/grid/1.jpg]
[7oroof.com/demos/promina/assets/images/portfolio/grid/4.jpg]
[7oroof.com/demos/promina/assets/images/portfolio/grid/5.jpg]
[7oroof.com/demos/promina/assets/images/clients/2.png]
[7oroof.com/demos/promina/assets/images/clients/3.png]
[7oroof.com/demos/promina/assets/images/clients/4.png]
[7oroof.com/demos/promina/assets/images/clients/5.png]
[7oroof.com/demos/promina/assets/images/clients/6.png]
[7oroof.com/demos/promina/assets/images/banners/3.jpg]
[7oroof.com/demos/promina/assets/images/testimonials/thumbs/1.jpg]
[7oroof.com/demos/promina/assets/images/testimonials/thumbs/2.jpg]
[7oroof.com/demos/promina/assets/images/testimonials/thumbs/3.jpg]
[7oroof.com/demos/promina/assets/images/logo/logo-footer.png]
[7oroof.com/demos/promina/assets/js/jquery-3.5.1.min.js]
[7oroof.com/demos/promina/assets/js/plugins.js]
[7oroof.com/demos/promina/assets/js/main.js]
[7oroof.com/demos/promina/about-us.html]
[7oroof.com/demos/promina/assets/images/page-titles/5.jpg]
[7oroof.com/demos/promina/assets/images/icons/pdf.png]
[7oroof.com/demos/promina/faqs.html]
[7oroof.com/demos/promina/assets/fonts/fontawesome-webfont3e6e.eot]
[7oroof.com/demos/promina/assets/fonts/fontawesome-webfontd41d.eot]
[7oroof.com/demos/promina/assets/fonts/fontawesome-webfont3e6e.woff2]
[7oroof.com/demos/promina/assets/fonts/fontawesome-webfont3e6e.woff]
[7oroof.com/demos/promina/assets/fonts/fontawesome-webfont3e6e.ttf]
[7oroof.com/demos/promina/assets/fonts/icomoon437f.eot]
[7oroof.com/demos/promina/assets/fonts/icomoon437f.ttf]
[7oroof.com/demos/promina/assets/fonts/icomoon437f.woff]
[7oroof.com/demos/promina/assets/css/libraries.css]
[7oroof.com/demos/promina/assets/images/icons/quote.png]
[7oroof.com/demos/promina/assets/css/style.css]
[7oroof.com/demos/promina/assets/images/sliders/1.jpg]
[7oroof.com/demos/promina/assets/images/sliders/2.jpg]
[7oroof.com/demos/promina/assets/images/backgrounds/map.png]
[7oroof.com/demos/promina/assets/images/services/service-overlay.png]
[7oroof.com/demos/promina/assets/images/banners/2.jpg]
[7oroof.com/demos/promina/assets/images/blog/grid/1.jpg]
[7oroof.com/demos/promina/assets/images/blog/grid/4.jpg]
[7oroof.com/demos/promina/assets/images/blog/grid/5.jpg]
[7oroof.com/demos/promina/assets/images/blog/grid/6.jpg]
[7oroof.com/demos/promina/index.html]
[7oroof.com/demos/promina/assets/images/sliders/4.jpg]
[7oroof.com/demos/promina/assets/images/features/1.jpg]
[7oroof.com/demos/promina/assets/images/features/3.jpg]
[7oroof.com/demos/promina/home-classic.html]
[7oroof.com/demos/promina/assets/images/sliders/6.jpg]
[7oroof.com/demos/promina/assets/images/backgrounds/2.png]
[7oroof.com/demos/promina/assets/images/about/4.jpg]
[7oroof.com/demos/promina/assets/images/portfolio/wide/1.jpg]
[7oroof.com/demos/promina/assets/images/portfolio/wide/2.jpg]
[7oroof.com/demos/promina/assets/images/portfolio/wide/3.jpg]
[7oroof.com/demos/promina/assets/images/portfolio/wide/4.jpg]
[7oroof.com/demos/promina/assets/images/portfolio/wide/5.jpg]
[7oroof.com/demos/promina/home-architecture.html]
[7oroof.com/demos/promina/assets/images/page-titles/2.jpg]
[7oroof.com/demos/promina/core-values.html]
[7oroof.com/demos/promina/assets/images/page-titles/3.jpg]
[7oroof.com/demos/promina/assets/images/team/1.png]
[7oroof.com/demos/promina/assets/images/team/2.png]
[7oroof.com/demos/promina/assets/images/team/3.png]
[7oroof.com/demos/promina/assets/images/team/4.png]
[7oroof.com/demos/promina/assets/images/team/5.png]
[7oroof.com/demos/promina/leadership-team.html]
[7oroof.com/demos/promina/assets/images/page-titles/4.jpg]
[7oroof.com/demos/promina/pricing.html]
[7oroof.com/demos/promina/assets/images/page-titles/6.jpg]
[7oroof.com/demos/promina/careers.html]
[7oroof.com/demos/promina/assets/images/page-titles/7.jpg]
[7oroof.com/demos/promina/services.html]
[7oroof.com/demos/promina/assets/images/page-titles/8.jpg]
[7oroof.com/demos/promina/assets/images/banners/5.jpg]
[7oroof.com/demos/promina/services-single-service.html]
[7oroof.com/demos/promina/assets/images/page-titles/9.jpg]
[7oroof.com/demos/promina/projects-grid.html]
[7oroof.com/demos/promina/projects-standard.html]
[7oroof.com/demos/promina/projects-carousel.html]
[7oroof.com/demos/promina/assets/images/portfolio/slider/1.jpg]
[7oroof.com/demos/promina/assets/images/portfolio/slider/2.jpg]
[7oroof.com/demos/promina/assets/images/portfolio/slider/3.jpg]
[7oroof.com/demos/promina/projects-single-project.html]
[7oroof.com/demos/promina/assets/images/page-titles/10.jpg]
[7oroof.com/demos/promina/blog.html]
[7oroof.com/demos/promina/assets/images/blog/single/1.jpg]
[7oroof.com/demos/promina/assets/images/blog/author/1.jpg]
[7oroof.com/demos/promina/assets/images/blog/author/2.png]
[7oroof.com/demos/promina/assets/images/blog/author/3.png]
[7oroof.com/demos/promina/blog-single-post.html]
[7oroof.com/demos/promina/contacs.html]
[7oroof.com/demos/promina/assets/images/page-titles/11.jpg]
[7oroof.com/demos/promina/request-quote.html]
[7oroof.com/demos/promina/assets/images/portfolio/grid/2.jpg]
[7oroof.com/demos/promina/assets/images/portfolio/grid/3.jpg]
[7oroof.com/demos/promina/assets/images/portfolio/grid/6.jpg]
[7oroof.com/demos/promina/assets/images/clients/1.png]
[7oroof.com/demos/promina/assets/fonts/fontawesome-webfont3e6e.svg]
[7oroof.com/demos/promina/assets/fonts/icomoon437f.svg]
[7oroof.com/demos/promina/assets/images/blog/grid/2.jpg]
[7oroof.com/demos/promina/assets/images/blog/grid/3.jpg]
[7oroof.com/demos/promina/assets/js/google-map.js]
[7oroof.com/demos/promina/assets/images/sliders/3.jpg]
[7oroof.com/demos/promina/assets/images/features/2.jpg]
[7oroof.com/demos/promina/assets/images/banners/4.jpg]
[7oroof.com/demos/promina/assets/images/sliders/5.jpg]
[7oroof.com/demos/promina/assets/images/portfolio/single/1.jpg]
